Running: fuse.exe -relaunch -intstyle "ise" -incremental -o "C:/IRIS/IRIS/work/IRIS_TB_isim_beh.exe" -prj "C:/IRIS/IRIS/work/IRIS_TB_beh.prj" "work.IRIS_TB" 
ISim P.20131013 (signature 0x8ef4fb42)
Number of CPUs detected in this system: 1
Turning on mult-threading, number of parallel sub-compilation jobs: 0 
Determining compilation order of HDL files
Parsing VHDL file "C:/IRIS/IRIS/work/../ipcore_dir/RAM.vhd" into library work
Parsing VHDL file "C:/IRIS/IRIS/work/../vhdl/IRIS_Pack.vhd" into library work
Parsing VHDL file "C:/IRIS/IRIS/work/../vhdl/IRISv2.vhd" into library work
Parsing VHDL file "C:/IRIS/IRIS/work/../vhdl/IRIS_TB.vhd" into library work
Starting static elaboration
Completed static elaboration
Fuse Memory Usage: 82044 KB
Fuse CPU Usage: 540 ms
Compiling package standard
Compiling package std_logic_1164
Compiling package std_logic_arith
Compiling package std_logic_unsigned
Compiling package textio
Compiling package iris_pack
Compiling package std_logic_textio
Compiling architecture output_stage_behavioral of entity BLK_MEM_GEN_V7_3_output_stage [\BLK_MEM_GEN_V7_3_output_stage("...]
Compiling architecture softecc_output_reg_stage_behavioral of entity BLK_MEM_GEN_V7_3_softecc_output_reg_stage [\BLK_MEM_GEN_V7_3_softecc_output...]
Compiling architecture mem_module_behavioral of entity BLK_MEM_GEN_V7_3_mem_module [\BLK_MEM_GEN_V7_3_mem_module("bl...]
Compiling architecture behavioral of entity BLK_MEM_GEN_V7_3 [\BLK_MEM_GEN_V7_3("blk_mem_gen_v...]
Compiling architecture ram_a of entity RAM [ram_default]
Compiling architecture a1 of entity IRIS [iris_default]
Compiling architecture behavior of entity iris_tb
Time Resolution for simulation is 1ps.
Compiled 20 VHDL Units
Built simulation executable C:/IRIS/IRIS/work/IRIS_TB_isim_beh.exe
Fuse Memory Usage: 102464 KB
Fuse CPU Usage: 790 ms
